[20-Apr-2025 05:26:04 UTC] PHP Warning:  Undefined variable $variable in C:\wamp64\www\Practicas\Errores\ejemplo1.php on line 6
[20-Apr-2025 05:26:04 UTC] PHP Stack trace:
[20-Apr-2025 05:26:04 UTC] PHP   1. {main}() C:\wamp64\www\Practicas\Errores\ejemplo1.php:0
[20-Apr-2025 05:26:04 UTC] PHP Fatal error:  Uncaught ArgumentCountError: setcookie() expects at least 1 argument, 0 given in C:\wamp64\www\Practicas\Errores\ejemplo1.php:9
Stack trace:
#0 C:\wamp64\www\Practicas\Errores\ejemplo1.php(9): setcookie()
#1 {main}
  thrown in C:\wamp64\www\Practicas\Errores\ejemplo1.php on line 9
[20-Apr-2025 05:26:40 UTC] PHP Warning:  Undefined variable $variable in C:\wamp64\www\Practicas\Errores\ejemplo1.php on line 6
[20-Apr-2025 05:26:40 UTC] PHP Stack trace:
[20-Apr-2025 05:26:40 UTC] PHP   1. {main}() C:\wamp64\www\Practicas\Errores\ejemplo1.php:0
[20-Apr-2025 05:26:40 UTC] PHP Fatal error:  Uncaught ArgumentCountError: setcookie() expects at least 1 argument, 0 given in C:\wamp64\www\Practicas\Errores\ejemplo1.php:9
Stack trace:
#0 C:\wamp64\www\Practicas\Errores\ejemplo1.php(9): setcookie()
#1 {main}
  thrown in C:\wamp64\www\Practicas\Errores\ejemplo1.php on line 9
[20-Apr-2025 05:26:48 UTC] PHP Warning:  Undefined variable $variable in C:\wamp64\www\Practicas\Errores\ejemplo1.php on line 6
[20-Apr-2025 05:26:48 UTC] PHP Stack trace:
[20-Apr-2025 05:26:48 UTC] PHP   1. {main}() C:\wamp64\www\Practicas\Errores\ejemplo1.php:0
[20-Apr-2025 05:26:48 UTC] PHP Fatal error:  Uncaught ArgumentCountError: setcookie() expects at least 1 argument, 0 given in C:\wamp64\www\Practicas\Errores\ejemplo1.php:9
Stack trace:
#0 C:\wamp64\www\Practicas\Errores\ejemplo1.php(9): setcookie()
#1 {main}
  thrown in C:\wamp64\www\Practicas\Errores\ejemplo1.php on line 9
